<?xml version="1.0" encoding="UTF-8"?>
<testng-results ignored="0" total="1" passed="1" failed="0" skipped="0">
  <reporter-output>
  </reporter-output>
  <suite started-at="2021-11-27T13:18:17 SGT" name="Default suite" finished-at="2021-11-27T13:18:33 SGT" duration-ms="16462">
    <groups>
    </groups>
    <test started-at="2021-11-27T13:18:17 SGT" name="Default test" finished-at="2021-11-27T13:18:33 SGT" duration-ms="16462">
      <class name="testng.LoginTest">
        <test-method is-config="true" signature="beforeClass()[pri:0, instance:testng.LoginTest@1cf6d1be]" started-at="2021-11-27T13:18:17 SGT" name="beforeClass" finished-at="2021-11-27T13:18:22 SGT" duration-ms="4987" status="PASS">
          <reporter-output>
          </reporter-output>
        </test-method> <!-- beforeClass -->
        <test-method signature="test1()[pri:0, instance:testng.LoginTest@1cf6d1be]" started-at="2021-11-27T13:18:22 SGT" name="test1" finished-at="2021-11-27T13:18:33 SGT" duration-ms="10892" status="PASS">
          <reporter-output>
          </reporter-output>
        </test-method> <!-- test1 -->
        <test-method is-config="true" signature="afterClass()[pri:0, instance:testng.LoginTest@1cf6d1be]" started-at="2021-11-27T13:18:33 SGT" name="afterClass" finished-at="2021-11-27T13:18:33 SGT" duration-ms="526" status="PASS">
          <reporter-output>
          </reporter-output>
        </test-method> <!-- afterClass -->
      </class> <!-- testng.LoginTest -->
    </test> <!-- Default test -->
  </suite> <!-- Default suite -->
</testng-results>
